<?xml version="1.0" encoding="UTF-8"?>
<testsuite xmlns:xsi="http://www.w3.org/2001/XMLSchema-instance" xsi:noNamespaceSchemaLocation="https://maven.apache.org/surefire/maven-surefire-plugin/xsd/surefire-test-report-3.0.xsd" version="3.0" name="com.atm.service.ATMServiceTest" time="0.265" tests="7" errors="0" skipped="0" failures="0">
  <properties>
[...]
</properties>
  <testcase name="testWithdrawCash_InsufficientBalance" classname="com.atm.service.ATMServiceTest" time="0.152"/>
  <testcase name="testTransferFunds_Success" classname="com.atm.service.ATMServiceTest" time="0.016"/>
  <testcase name="testLogin_Success" classname="com.atm.service.ATMServiceTest" time="0.005"/>
  <testcase name="testDepositCash" classname="com.atm.service.ATMServiceTest" time="0.004"/>
  <testcase name="testWithdrawCash_ExceedsDailyLimit" classname="com.atm.service.ATMServiceTest" time="0.004"/>
  <testcase name="testLogin_AccountLockingAfterFailedAttempts" classname="com.atm.service.ATMServiceTest" time="0.009"/>
  <testcase name="testWithdrawCash_Success" classname="com.atm.service.ATMServiceTest" time="0.002"/>
</testsuite>