<?xml version="1.0" encoding="UTF-8"?>
<testsuite xmlns:xsi="http://www.w3.org/2001/XMLSchema-instance" xsi:noNamespaceSchemaLocation="https://maven.apache.org/surefire/maven-surefire-plugin/xsd/surefire-test-report-3.0.xsd" version="3.0" name="com.safety.service.SafetyServiceTest" time="0.241" tests="6" errors="0" skipped="0" failures="0">
  <properties>
[...]
</properties>
  <testcase name="testSosAlertTrigger_DispatchesLocationAndLogsIncident" classname="com.safety.service.SafetyServiceTest" time="0.157"/>
  <testcase name="testAddAndRemoveContact" classname="com.safety.service.SafetyServiceTest" time="0.005"/>
  <testcase name="testSafeZoneGeofence_EvaluatesCoordinates" classname="com.safety.service.SafetyServiceTest" time="0.004"/>
  <testcase name="testCancelSosAlert_DeactivatesAlert" classname="com.safety.service.SafetyServiceTest" time="0.004"/>
  <testcase name="testFakeCallTrigger_CreatesIncidentLog" classname="com.safety.service.SafetyServiceTest" time="0.003"/>
  <testcase name="testAddContact_InvalidInputThrowsException" classname="com.safety.service.SafetyServiceTest" time="0.004"/>
</testsuite>